Chetans-MacBook-Pro:SelectiveRepeat chetan$ python ClientApp.py -f "index.html" -a "127.0.0.1" -b 8081 -x "127.0.0.1" -y 8080 -m 2 -s 1500 -n "ALL" -t 10
2017-03-25 01:11:19,094 SENDER [INFO] Creating UDP socket 127.0.0.1:8081 for communication with the server
2017-03-25 01:11:19,094 SENDER [INFO] Transmitting file 'index.html' to the receiver
2017-03-25 01:11:19,094 SENDER [INFO] Creating a thread to monitor packet transmission
2017-03-25 01:11:19,094 SENDER [INFO] Creating a thread to monitor acknowledgement receipt
2017-03-25 01:11:19,095 SENDER [INFO] Starting thread execution
2017-03-25 01:11:19,095 SENDER [INFO] [PacketHandler] Generating packets
2017-03-25 01:11:19,160 SENDER [INFO] [PacketHandler] Starting packet transmission
2017-03-25 01:11:19,162 SENDER [INFO] [Packet(0)] Transmitting a packet with sequence number: 0
2017-03-25 01:11:19,163 SENDER [INFO] [Packet(1)] Transmitting a packet with sequence number: 1
2017-03-25 01:11:19,174 SENDER [INFO] [ACKHandler] Received acknowledgement with ack number: 0
2017-03-25 01:11:19,194 SENDER [INFO] [Packet(2)] Transmitting a packet with sequence number: 2
2017-03-25 01:11:19,209 SENDER [INFO] [ACKHandler] Received acknowledgement with ack number: 2
2017-03-25 01:11:29,193 SENDER [INFO] [Packet(1)] Retransmitting a packet with sequence number: 1
2017-03-25 01:11:29,195 SENDER [INFO] [ACKHandler] Received acknowledgement with ack number: 1
2017-03-25 01:11:29,196 SENDER [INFO] [Packet(3)] Transmitting a packet with sequence number: 3
2017-03-25 01:11:29,201 SENDER [INFO] [Packet(0)] Transmitting a packet with sequence number: 0
2017-03-25 01:11:29,201 SENDER [INFO] [ACKHandler] Received acknowledgement with ack number: 3
2017-03-25 01:11:29,239 SENDER [INFO] [ACKHandler] Received acknowledgement with ack number: 0
2017-03-25 01:11:29,250 SENDER [INFO] [Packet(1)] Transmitting a packet with sequence number: 1
2017-03-25 01:11:29,252 SENDER [INFO] [Packet(2)] Transmitting a packet with sequence number: 2
2017-03-25 01:11:29,252 SENDER [INFO] [ACKHandler] Received acknowledgement with ack number: 1
2017-03-25 01:11:29,278 SENDER [INFO] [ACKHandler] Received acknowledgement with ack number: 2
2017-03-25 01:11:29,292 SENDER [INFO] [Packet(3)] Transmitting a packet with sequence number: 3
2017-03-25 01:11:29,303 SENDER [INFO] [ACKHandler] Received acknowledgement with ack number: 3
2017-03-25 01:11:29,304 SENDER [INFO] [PacketHandler] Stopping packet transmission
Chetans-MacBook-Pro:SelectiveRepeat chetan$ 

